Change Component Footprint: Designator=R1 Old Footprint=RESC2013X50X30LL20T20 New Footprint=RES: 0805
Change Component Footprint: Designator=R2 Old Footprint=RESC2013X50X30LL20T20 New Footprint=RES: 0805
Change Component Comment : Designator=R1 Old Comment=CRCW0805100RFKEA New Comment=Resistor film, 100R, , 0805, 0.125W, -55...+125°C
Change Component Comment : Designator=R2 Old Comment=CRCW0805100RFKEA New Comment=Resistor film, 100R, , 0805, 0.125W, -55...+125°C
Change Managed Component Library Link : Designator=R1 Old VaultGUID=B7D15EC3-160A-466F-A46C-7801FE6295A7 New VaultGUID= Old ItemGUID=45B4216E-BA65-419D-A4D9-29E0D9524B64 New ItemGUID= Old RevisionGUID=0EA8BD85-CADE-4E5C-B448-60096953E923 New RevisionGUID=
Change Managed Component Library Link : Designator=R2 Old VaultGUID=B7D15EC3-160A-466F-A46C-7801FE6295A7 New VaultGUID= Old ItemGUID=45B4216E-BA65-419D-A4D9-29E0D9524B64 New ItemGUID= Old RevisionGUID=0EA8BD85-CADE-4E5C-B448-60096953E923 New RevisionGUID=
Change component parameters: Designator = "R1" ("R1"); Footprint = "RESC2013X50X30LL20T20"; UniqueID = "\USQGLFSP" ("\USQGLFSP")
Change component parameters (AddParameter): Name = "HelpURL"; Value = "https://www.digikey.com/product-detail/en/yageo/RC0805JR-07100RL/311-100ARCT-ND/731185"; VariantName = "[No Variations]"
Change component parameters (AddParameter): Name = "Manufacturer"; Value = "Yageo"; VariantName = "[No Variations]"
Change component parameters (AddParameter): Name = "Package"; Value = "0805"; VariantName = "[No Variations]"
Change component parameters (AddParameter): Name = "PartNumber"; Value = "RC0805JR-07100RL"; VariantName = "[No Variations]"
Change component parameters (AddParameter): Name = "Power"; Value = "0.125W"; VariantName = "[No Variations]"
Change component parameters (AddParameter): Name = "Temperature"; Value = "-55...+125°C"; VariantName = "[No Variations]"
Change component parameters (AddParameter): Name = "TypeResistor"; Value = "Resistor film"; VariantName = "[No Variations]"
Change component parameters (AddParameter): Name = "Value"; Value = "100R"; VariantName = "[No Variations]"
Change component parameters (AddParameter): Name = "ValueManufacturerPartNumber"; Value = "Resistor film, 100R, , 0805, 0.125W, -55...+125°C"; VariantName = "[No Variations]"
Change component parameters: Designator = "R2" ("R2"); Footprint = "RESC2013X50X30LL20T20"; UniqueID = "\HXAUROYL" ("\HXAUROYL")
Change component parameters (AddParameter): Name = "HelpURL"; Value = "https://www.digikey.com/product-detail/en/yageo/RC0805JR-07100RL/311-100ARCT-ND/731185"; VariantName = "[No Variations]"
Change component parameters (AddParameter): Name = "Manufacturer"; Value = "Yageo"; VariantName = "[No Variations]"
Change component parameters (AddParameter): Name = "Package"; Value = "0805"; VariantName = "[No Variations]"
Change component parameters (AddParameter): Name = "PartNumber"; Value = "RC0805JR-07100RL"; VariantName = "[No Variations]"
Change component parameters (AddParameter): Name = "Power"; Value = "0.125W"; VariantName = "[No Variations]"
Change component parameters (AddParameter): Name = "Temperature"; Value = "-55...+125°C"; VariantName = "[No Variations]"
Change component parameters (AddParameter): Name = "TypeResistor"; Value = "Resistor film"; VariantName = "[No Variations]"
Change component parameters (AddParameter): Name = "Value"; Value = "100R"; VariantName = "[No Variations]"
Change component parameters (AddParameter): Name = "ValueManufacturerPartNumber"; Value = "Resistor film, 100R, , 0805, 0.125W, -55...+125°C"; VariantName = "[No Variations]"
Change Net Name : Old Net Name=Screw 1 New Net Name=NetR1_2
Change Net Name : Old Net Name=Screw 2 New Net Name=NetJ1_3
Change Class Name : Old Net Name=Sheet1 New Net Name=main
